<?xml version="1.0" encoding="UTF-8"?>
<!-- Generated by org.testng.reporters.JUnitReportReporter -->
<testsuite hostname="DESKTOP-UVOFFJA" failures="0" tests="15" name="api.test.DataDrivenTesting" time="15.814" errors="0" timestamp="2024-07-03T15:41:48 ART" skipped="0">
  <testcase classname="api.test.DataDrivenTesting" name="createUsersDDT" time="1.219"/>
  <testcase classname="api.test.DataDrivenTesting" name="createUsersDDT" time="2.970"/>
  <testcase classname="api.test.DataDrivenTesting" name="createUsersDDT" time="0.915"/>
  <testcase classname="api.test.DataDrivenTesting" name="createUsersDDT" time="0.883"/>
  <testcase classname="api.test.DataDrivenTesting" name="createUsersDDT" time="0.918"/>
  <testcase classname="api.test.DataDrivenTesting" name="getUsersDDT" time="0.900"/>
  <testcase classname="api.test.DataDrivenTesting" name="getUsersDDT" time="0.956"/>
  <testcase classname="api.test.DataDrivenTesting" name="getUsersDDT" time="0.887"/>
  <testcase classname="api.test.DataDrivenTesting" name="getUsersDDT" time="0.873"/>
  <testcase classname="api.test.DataDrivenTesting" name="getUsersDDT" time="0.894"/>
  <testcase classname="api.test.DataDrivenTesting" name="deleteUsersDDT" time="0.867"/>
  <testcase classname="api.test.DataDrivenTesting" name="deleteUsersDDT" time="0.894"/>
  <testcase classname="api.test.DataDrivenTesting" name="deleteUsersDDT" time="0.870"/>
  <testcase classname="api.test.DataDrivenTesting" name="deleteUsersDDT" time="0.898"/>
  <testcase classname="api.test.DataDrivenTesting" name="deleteUsersDDT" time="0.870"/>
</testsuite> <!-- api.test.DataDrivenTesting -->
