<?xml version="1.0" encoding="UTF-8"?>
<!-- Generated by org.testng.reporters.JUnitReportReporter -->
<testsuite hostname="DESKTOP-UVOFFJA" failures="0" tests="5" name="api.test.Tests" time="6.428" errors="0" timestamp="2024-07-05T18:32:30 ART" skipped="0">
  <testcase classname="api.test.Tests" name="postTest" time="2.811"/>
  <testcase classname="api.test.Tests" name="getTest" time="0.997"/>
  <testcase classname="api.test.Tests" name="updateTest" time="0.883"/>
  <testcase classname="api.test.Tests" name="getTest2" time="0.887"/>
  <testcase classname="api.test.Tests" name="deleteTest" time="0.850"/>
</testsuite> <!-- api.test.Tests -->
